
Cadence Innovus(TM) Implementation System.
Copyright 2021 Cadence Design Systems, Inc. All rights reserved worldwide.

Version:	v21.18-s099_1, built Tue Jul 18 13:03:50 PDT 2023
Options:	-log log/innovus. 
Date:		Mon Jun 15 17:10:03 2026
Host:		vlsi (x86_64 w/Linux 3.10.0-1160.el7.x86_64) (10cores*40cpus*Intel(R) Xeon(R) Silver 4210 CPU @ 2.20GHz 14080KB)
OS:		Red Hat Enterprise Linux Server 7.9 (Maipo)

License:
		[17:10:03.389473] Configured Lic search path (21.01-s002): 5280@vlsi

		invs	Innovus Implementation System	21.1	checkout succeeded
		8 CPU jobs allowed with the current license(s). Use setMultiCpuUsage to set your required CPU count.
Change the soft stacksize limit to 0.2%RAM (127 mbytes). Set global soft_stack_size_limit to change the value.

**INFO:  MMMC transition support version v31-84 

<CMD> set_global _enable_mmmc_by_default_flow      $CTE::mmmc_default
<CMD> suppressMessage ENCEXT-2799
<CMD> getVersion
<CMD> define_proc_arguments ViaFillQor -info {This procedure extracts Viafill details from innovus db} -define_args {
		{-window "window coordinates" "" list optional}
		{-window_size "window size in microns" "" string optional}
	
	}
[INFO] Loading Pegasus 22.20 fill procedures
<CMD> define_proc_arguments ProcessFills -info {This procedure processes Fill types} -define_args {
    {-fillInfo "Design Fill data" "" list required}
				{-csvName "File path for Fill Data csv file" "Path of CSV file" string required}
				{-selectFill "type of fill to be selected in session" "list of BRIDGE/EXTENSION/STAMP/FLOATING" list required}
    {-output_data "Boolean Flag to output Fill Data for further processing" "" string required}
}
<CMD> define_proc_arguments FillQor -info {This procedure extracts fill details from innovus db} -define_args {
    {-layers "Fills Cleanup on which all layers" "list of Metal/Routing layers" list optional}
				{-selectFill "type of fill to be selected in session" "list of BRIDGE/EXTENSION/STAMP/FLOATING" list optional}
				{-outData "Boolean Flag to output Fill Data for further processing" "" boolean optional}
    {-outDataFile "File path for Fill Data csv file" "Path of CSV file" string optional}
}
<CMD> define_proc_arguments ProcessFills_fast -info {This procedure processes Fill types} -define_args {
    {-fillInfo "Design Fill data" "" list required}
				{-csvName "File path for Fill Data csv file" "Path of CSV file" string required}
				{-selectFill "type of fill to be selected in session" "list of BRIDGE/EXTENSION/STAMP/FLOATING" list required}
    {-output_data "Boolean Flag to output Fill Data for further processing" "" string required}
}
<CMD> define_proc_arguments FillQor_fast -info {This procedure extracts fill details from innovus db} -define_args {
    {-layers "Fills Cleanup on which all layers" "list of Metal/Routing layers" list optional}
				{-selectFill "type of fill to be selected in session" "list of BRIDGE/EXTENSION/STAMP/FLOATING" list optional}
				{-outData "Boolean Flag to output Fill Data for further processing" "" boolean optional}
    {-outDataFile "File path for Fill Data csv file" "Path of CSV file" string optional}
}
<CMD> define_proc_arguments ProcessFills_fast_stampOnly -info {This procedure processes Fill types} -define_args {
    {-fillInfo "Design Fill data" "" list required}
	
}
<CMD> define_proc_arguments FillQor_fast_stampOnly -info {This procedure extracts fill details from innovus db} -define_args {
    {-layers "Fills Cleanup on which all layers" "list of Metal/Routing layers" list optional}
}
<CMD> win
<CMD> restoreDesign saved_design/route_opt.inn.dat/ SYS_TOP
#% Begin load design ... (date=06/15 17:10:59, mem=752.6M)
INFO: You have enabled new technology 'legacy_fects_final_release' that has been internally qualified at Cadence but has only limited customer testing. You are encouraged to work with Cadence directly to qualify your usage and make sure it meets your needs before deploying it widely. Final production licensing of this feature is subject to change.
Loading design 'SYS_TOP' saved by 'Innovus' '21.18-s099_1' on 'Mon Jun 15 12:37:51 2026'.
% Begin Load MMMC data ... (date=06/15 17:11:00, mem=754.9M)
% End Load MMMC data ... (date=06/15 17:11:00, total cpu=0:00:00.0, real=0:00:00.0, peak res=756.0M, current mem=756.0M)
typical

Loading LEF file /home/user_74/projects/new_fp/floor_plan/saved_design/route_opt.inn.dat/libs/lef/gsclib045_tech.lef ...

Loading LEF file /home/user_74/projects/new_fp/floor_plan/saved_design/route_opt.inn.dat/libs/lef/gsclib045_macro.lef ...
Set DBUPerIGU to M2 pitch 400.
**WARN: (IMPLF-200):	Pin 'A' in macro 'ANTENNA' has no ANTENNAGATEAREA value defined. The library data is incomplete and some process antenna rules will not be checked correctly.
Type 'man IMPLF-200' for more detail.

##  Check design process and node:  
##  Both design process and tech node are not set.

Loading view definition file from /home/user_74/projects/new_fp/floor_plan/saved_design/route_opt.inn.dat/viewDefinition.tcl
Reading slow timing library '/home/user_74/projects/new_fp/pdk_files/lib/slow_vdd1v0_basicCells.lib' ...
**WARN: (TECHLIB-302):	No function defined for cell 'ANTENNA'. The cell will only be used for analysis. (File /home/user_74/projects/new_fp/pdk_files/lib/slow_vdd1v0_basicCells.lib)
Read 480 cells in library 'slow_vdd1v0' 
Reading fast timing library '/home/user_74/projects/new_fp/pdk_files/lib/fast_vdd1v0_basicCells.lib' ...
**WARN: (TECHLIB-302):	No function defined for cell 'ANTENNA'. The cell will only be used for analysis. (File /home/user_74/projects/new_fp/pdk_files/lib/fast_vdd1v0_basicCells.lib)
Read 480 cells in library 'fast_vdd1v0' 
Starting consistency checks on late and early library sets of delay corner 'rc_typ'
late library set: slow
early library set: fast
Completed consistency checks. Status: Successful
*** End library_loading (cpu=0.02min, real=0.02min, mem=24.9M, fe_cpu=0.48min, fe_real=0.97min, fe_mem=1042.8M) ***
% Begin Load netlist data ... (date=06/15 17:11:01, mem=775.4M)
*** Begin netlist parsing (mem=1042.8M) ***
Created 480 new cells from 2 timing libraries.
Reading netlist ...
Backslashed names will retain backslash and a trailing blank character.
Reading verilogBinary netlist '/home/user_74/projects/new_fp/floor_plan/saved_design/route_opt.inn.dat/SYS_TOP.v.bin'

*** Memory Usage v#1 (Current mem = 1048.758M, initial mem = 478.109M) ***
*** End netlist parsing (cpu=0:00:00.0, real=0:00:00.0, mem=1048.8M) ***
% End Load netlist data ... (date=06/15 17:11:01, total cpu=0:00:00.0, real=0:00:00.0, peak res=785.4M, current mem=785.4M)
Top level cell is SYS_TOP.
Starting consistency checks on late and early library sets of delay corner 'rc_typ'
late library set: slow
early library set: fast
Completed consistency checks. Status: Successful
Starting consistency checks on late and early library sets of delay corner 'rc_typ'
late library set: slow
early library set: fast
Completed consistency checks. Status: Successful
Hooked 960 DB cells to tlib cells.
Starting recursive module instantiation check.
No recursion found.
Building hierarchical netlist for Cell SYS_TOP ...
*** Netlist is unique.
** info: there are 1057 modules.
** info: there are 2222 stdCell insts.

*** Memory Usage v#1 (Current mem = 1098.184M, initial mem = 478.109M) ***
*info: set bottom ioPad orient R0
**WARN: (IMPFP-3961):	The techSite 'CornerSite' has no related standard cells in the LEF/OA library. The calculations for this site type cannot be made unless standard cell models of this type exist in the LEF/OA library. Ignore this warning if the SITE is not used by the library. Alternatively, remove the SITE definition for the LEF/OA library to avoid this message.
Type 'man IMPFP-3961' for more detail.
**WARN: (IMPFP-3961):	The techSite 'IOSite' has no related standard cells in the LEF/OA library. The calculations for this site type cannot be made unless standard cell models of this type exist in the LEF/OA library. Ignore this warning if the SITE is not used by the library. Alternatively, remove the SITE definition for the LEF/OA library to avoid this message.
Type 'man IMPFP-3961' for more detail.
Start create_tracks
Set Shrink Factor to 0.90000
Loading preference file /home/user_74/projects/new_fp/floor_plan/saved_design/route_opt.inn.dat/gui.pref.tcl ...
##  Process: 45            (User Set)               
##     Node: (not set)                           

##  Check design process and node:  
##  Design tech node is not set.

Applying the recommended capacitance filtering threshold values for 45nm process node: total_c_th=0, relative_c_th=1 and coupling_c_th=0.1.
	These values will be used by all post-route extraction engines, including TQuantus, IQuantus and Quantus QRC extraction.
	Capacitance filtering mode(-capFilterMode option of the setExtractRCMode) is 'relAndCoup' for all engines.
	The accuracy mode for postRoute effortLevel low extraction will be set to 'high'.
	Default value for EffortLevel(-effortLevel option of the setExtractRCMode) in postRoute extraction mode will be 'medium' if Quantus QRC technology file is specified else 'low'.
Slack adjustment of -0 applied on <default> path group
**WARN: (IMPOPT-3602):	The specified path group name reg2reg is not defined.
Type 'man IMPOPT-3602' for more detail.
Effort level <high> specified for reg2reg path_group
Slack adjustment of -0 applied on reg2reg path_group
**WARN: (IMPOPT-3602):	The specified path group name reg2out is not defined.
Type 'man IMPOPT-3602' for more detail.
Effort level <high> specified for reg2out path_group
Slack adjustment of 0 applied on reg2out path_group
**WARN: (IMPOPT-3602):	The specified path group name in2reg is not defined.
Type 'man IMPOPT-3602' for more detail.
Effort level <high> specified for in2reg path_group
Slack adjustment of 0 applied on in2reg path_group
**WARN: (IMPOPT-3602):	The specified path group name in2out is not defined.
Type 'man IMPOPT-3602' for more detail.
Effort level <high> specified for in2out path_group
Slack adjustment of -0 applied on in2out path_group
**WARN: The setCCOptMode/set_ccopt_mode command is obsolete and will be removed in a future release. This command still works in this release, but to avoid this warning and to ensure compatibility with future releases, transition to set_ccopt_property.
**WARN: The setCCOptMode/set_ccopt_mode command is obsolete and will be removed in a future release. This command still works in this release, but to avoid this warning and to ensure compatibility with future releases, transition to set_ccopt_property.
**WARN: The setCCOptMode/set_ccopt_mode command is obsolete and will be removed in a future release. This command still works in this release, but to avoid this warning and to ensure compatibility with future releases, transition to set_ccopt_property.
**WARN: (IMPTCM-77):	Option "-drouteStartIteration" for command setNanoRouteMode is obsolete and will be removed in a future release. The obsolete option still works in this release but to avoid this warning and to ensure compatibility with future releases, remove the obsolete option from your script.
#WARNING (NRIF-91) Option setNanoRouteMode -routeTopRoutingLayer is obsolete. It will continue to work for the current release. To ensure compatibility with future releases, use option setDesignMode -topRoutingLayer instead.
**WARN: The setCCOptMode/set_ccopt_mode command is obsolete and will be removed in a future release. This command still works in this release, but to avoid this warning and to ensure compatibility with future releases, transition to set_ccopt_property.
**WARN: The setCCOptMode/set_ccopt_mode command is obsolete and will be removed in a future release. This command still works in this release, but to avoid this warning and to ensure compatibility with future releases, transition to set_ccopt_property.
**WARN: The setCCOptMode/set_ccopt_mode command is obsolete and will be removed in a future release. This command still works in this release, but to avoid this warning and to ensure compatibility with future releases, transition to set_ccopt_property.
AAE_INFO: switching -siAware from false to true ...
AAE_INFO: The setting is changed from false to true in setDelayCalMode -SIAware
**WARN: (IMPPTN-867):	Found use of setPinAssignMode -maxLayer. This will continue to work in this release; however, it is recommended to use setDesignMode -topRoutingLayer instead.
**WARN: (IMPPTN-867):	Found use of setPinAssignMode -maxLayer. This will continue to work in this release; however, it is recommended to use setDesignMode -topRoutingLayer instead.
addRing command will ignore shorts while creating rings.
addRing command will disallow rings to go over rows.
addRing command will consider rows while creating rings.
The ring targets are set to core/block ring wires.
addStripe will allow jog to connect padcore ring and block ring.

Stripes will not extend to closest target.
When breaking rings, the power planner will consider the existence of blocks.
addStripe will break automatically at non-default domains when generating global stripes over the core area or default domain.
The entire stripe set will break at the domain if one of the nets is not in the domain.
Stripes will not be created over regions without power planning wires.
Offset for stripe breaking is set to 0.
Stripes will stop at the boundary of the specified area.
The power planner will set stripe antenna targets to none (no trimming allowed).
**WARN: (IMPPSP-1003):	Found use of 'setRouteMode -earlyGlobalMaxRouteLayer'. This will continue to work in this release; however, it is recommended to use 'setDesignMode -topRoutingLayer' instead.
**WARN: (IMPPSP-1003):	Found use of 'setRouteMode -earlyGlobalMinRouteLayer'. This will continue to work in this release; however, it is recommended to use 'setDesignMode -bottomRoutingLayer' instead.
Change floorplan default-technical-site to 'CoreSite'.
*Info: initialize multi-corner CTS.
Total number of combinational cells: 318
Total number of sequential cells: 152
Total number of tristate cells: 10
Total number of level shifter cells: 0
Total number of power gating cells: 0
Total number of isolation cells: 0
Total number of power switch cells: 0
Total number of pulse generator cells: 0
Total number of always on buffers: 0
Total number of retention cells: 0
Total number of physical cells: 0
List of usable buffers: BUFX2 BUFX12 BUFX16 BUFX20 CLKBUFX2 BUFX3 BUFX4 BUFX6 BUFX8 CLKBUFX12 CLKBUFX16 CLKBUFX20 CLKBUFX3 CLKBUFX4 CLKBUFX6 CLKBUFX8
Total number of usable buffers: 16
List of unusable buffers:
Total number of unusable buffers: 0
List of usable inverters: CLKINVX1 CLKINVX2 CLKINVX12 CLKINVX16 CLKINVX20 CLKINVX4 CLKINVX3 CLKINVX6 CLKINVX8 INVX1 INVX2 INVX12 INVX16 INVX20 INVXL INVX3 INVX4 INVX6 INVX8
Total number of usable inverters: 19
List of unusable inverters:
Total number of unusable inverters: 0
List of identified usable delay cells: DLY1X1 DLY1X4 DLY2X1 DLY2X4 DLY3X1 DLY3X4 DLY4X1 DLY4X4
Total number of identified usable delay cells: 8
List of identified unusable delay cells:
Total number of identified unusable delay cells: 0
% Begin Load MMMC data post ... (date=06/15 17:11:03, mem=1087.5M)
% End Load MMMC data post ... (date=06/15 17:11:03, total cpu=0:00:00.0, real=0:00:00.0, peak res=1087.5M, current mem=1087.5M)
Reading floorplan file - /home/user_74/projects/new_fp/floor_plan/saved_design/route_opt.inn.dat/SYS_TOP.fp.gz (mem = 1359.4M).
% Begin Load floorplan data ... (date=06/15 17:11:03, mem=1087.6M)
*info: reset 2344 existing net BottomPreferredLayer and AvoidDetour
Deleting old partition specification.
Set FPlanBox to (0 0 241200 239400)
**WARN: (IMPFP-3961):	The techSite 'CornerSite' has no related standard cells in the LEF/OA library. The calculations for this site type cannot be made unless standard cell models of this type exist in the LEF/OA library. Ignore this warning if the SITE is not used by the library. Alternatively, remove the SITE definition for the LEF/OA library to avoid this message.
Type 'man IMPFP-3961' for more detail.
**WARN: (IMPFP-3961):	The techSite 'IOSite' has no related standard cells in the LEF/OA library. The calculations for this site type cannot be made unless standard cell models of this type exist in the LEF/OA library. Ignore this warning if the SITE is not used by the library. Alternatively, remove the SITE definition for the LEF/OA library to avoid this message.
Type 'man IMPFP-3961' for more detail.
Start create_tracks
 ... processed partition successfully.
Reading binary special route file /home/user_74/projects/new_fp/floor_plan/saved_design/route_opt.inn.dat/SYS_TOP.fp.spr.gz (Created by Innovus v21.18-s099_1 on Mon Jun 15 12:37:49 2026, version: 1)
Ending "Read special route file" (total cpu=0:00:00.0, real=0:00:00.0, peak res=1088.4M, current mem=1088.4M)
There are 54 nets with weight being set
There are 54 nets with bottomPreferredRoutingLayer being set
There are 78 nets with avoidDetour being set
Extracting standard cell pins and blockage ...... 
Pin and blockage extraction finished
% End Load floorplan data ... (date=06/15 17:11:03, total cpu=0:00:00.1, real=0:00:00.0, peak res=1089.2M, current mem=1089.2M)
Reading congestion map file /home/user_74/projects/new_fp/floor_plan/saved_design/route_opt.inn.dat/SYS_TOP.route.congmap.gz ...
% Begin Load SymbolTable ... (date=06/15 17:11:03, mem=1089.7M)
Suppress "**WARN ..." messages.
Un-suppress "**WARN ..." messages.
% End Load SymbolTable ... (date=06/15 17:11:04, total cpu=0:00:00.1, real=0:00:01.0, peak res=1090.2M, current mem=1090.2M)
Loading place ...
% Begin Load placement data ... (date=06/15 17:11:04, mem=1090.2M)
Reading placement file - /home/user_74/projects/new_fp/floor_plan/saved_design/route_opt.inn.dat/SYS_TOP.place.gz.
** Reading stdCellPlacement_binary (Created by Innovus v21.18-s099_1 on Mon Jun 15 12:37:50 2026, version# 2) ...
Read Views for adaptive view pruning ...
Read 0 views from Binary DB for adaptive view pruning
*** Checked 2 GNC rules.
*** applyConnectGlobalNets disabled.
*** Completed restorePlace (cpu=0:00:00.0 real=0:00:00.0 mem=1365.4M) ***
Total net length = 2.935e+04 (1.513e+04 1.422e+04) (ext = 6.145e+02)
% End Load placement data ... (date=06/15 17:11:04, total cpu=0:00:00.1, real=0:00:00.0, peak res=1091.8M, current mem=1091.7M)
Reading PG file /home/user_74/projects/new_fp/floor_plan/saved_design/route_opt.inn.dat/SYS_TOP.pg.gz, version#2, (Created by Innovus v21.18-s099_1 on       Mon Jun 15 12:37:49 2026)
*** Completed restorePGFile (cpu=0:00:00.0 real=0:00:00.0 mem=1361.4M) ***
% Begin Load routing data ... (date=06/15 17:11:04, mem=1091.8M)
Reading routing file - /home/user_74/projects/new_fp/floor_plan/saved_design/route_opt.inn.dat/SYS_TOP.route.gz.
Reading Innovus routing data (Created by Innovus v21.18-s099_1 on Mon Jun 15 12:37:50 2026 Format: 20.1) ...
*** Total 2323 nets are successfully restored.
*** Completed restoreRoute (cpu=0:00:00.0 real=0:00:01.0 mem=1365.4M) ***
% End Load routing data ... (date=06/15 17:11:05, total cpu=0:00:00.1, real=0:00:01.0, peak res=1096.1M, current mem=1095.1M)
Loading Drc markers ...
... 164 markers are loaded ...
... 0 geometry drc markers are loaded ...
... 0 antenna drc markers are loaded ...
TAT_INFO: restoreCongMap REAL = 1 : CPU = 0 : MEM = 0.
Reading property file /home/user_74/projects/new_fp/floor_plan/saved_design/route_opt.inn.dat/SYS_TOP.prop
*** Completed restoreProperty (cpu=0:00:00.0 real=0:00:00.0 mem=1368.4M) ***
Reading dirtyarea snapshot file /home/user_74/projects/new_fp/floor_plan/saved_design/route_opt.inn.dat/SYS_TOP.db.da.gz (Create by Innovus v21.18-s099_1 on Mon Jun 15 12:37:50 2026, version: 4).
Extraction setup Started 
Initializing multi-corner RC extraction with 1 active RC Corners ...
**WARN: (IMPEXT-6202):	In addition to the technology file, the capacitance table file is specified for all the RC corners. If the technology file  is already specified for all the RC corners, the capacitance table file is not required for preRoute and postRoute extraction. In a new session, the capacitance table files can be removed from the create_rc_corner command to enable the technology file to be used for preRoute and postRoute (effort level medium/high/signoff) extraction engines.
Type 'man IMPEXT-6202' for more detail.
Reading Capacitance Table File /home/user_74/projects/new_fp/floor_plan/saved_design/route_opt.inn.dat/libs/mmmc/cln28hpl_1p10m+alrdl_5x2yu2yz_typical.capTbl ...
Cap table was created using Encounter 10.10-b056_1.
Process name: cln28hpl_1p10m+alrdl_5x2yu2yz_typical.
Set Shrink Factor to 0.90000
Importing multi-corner RC tables ... 
Summary of Active RC-Corners : 
 
 Analysis View: test_setup
    RC-Corner Name        : typical
    RC-Corner Index       : 0
    RC-Corner Temperature : 25 Celsius
    RC-Corner Cap Table   : '/home/user_74/projects/new_fp/floor_plan/saved_design/route_opt.inn.dat/libs/mmmc/cln28hpl_1p10m+alrdl_5x2yu2yz_typical.capTbl'
    RC-Corner PreRoute Res Factor         : 1
    RC-Corner PreRoute Cap Factor         : 1
    RC-Corner PostRoute Res Factor        : 1 {1 1 1}
    RC-Corner PostRoute Cap Factor        : 1 {1 1 1}
    RC-Corner PostRoute XCap Factor       : 1 {1 1 1}
    RC-Corner PreRoute Clock Res Factor   : 1	[Derived from postRoute_res (effortLevel low)]
    RC-Corner PreRoute Clock Cap Factor   : 1	[Derived from postRoute_cap (effortLevel low)]
    RC-Corner PostRoute Clock Cap Factor  : 1 {1 1 1} 	[Derived from postRoute_cap (effortLevel medium)]
    RC-Corner PostRoute Clock Res Factor  : 1 {1 1 1} 	[Derived from postRoute_res (effortLevel medium)]
    RC-Corner PostRoute Clock coupling capacitance Factor : 1 {1 1 1} 	[Derived from postRoute_xcap (effortLevel medium)]
    RC-Corner Technology file: '/home/user_74/projects/new_fp/floor_plan/saved_design/route_opt.inn.dat/libs/mmmc/typical/gpdk045.tch'
 
 Analysis View: test_hold
    RC-Corner Name        : typical
    RC-Corner Index       : 0
    RC-Corner Temperature : 25 Celsius
    RC-Corner Cap Table   : '/home/user_74/projects/new_fp/floor_plan/saved_design/route_opt.inn.dat/libs/mmmc/cln28hpl_1p10m+alrdl_5x2yu2yz_typical.capTbl'
    RC-Corner PreRoute Res Factor         : 1
    RC-Corner PreRoute Cap Factor         : 1
    RC-Corner PostRoute Res Factor        : 1 {1 1 1}
    RC-Corner PostRoute Cap Factor        : 1 {1 1 1}
    RC-Corner PostRoute XCap Factor       : 1 {1 1 1}
    RC-Corner PreRoute Clock Res Factor   : 1	[Derived from postRoute_res (effortLevel low)]
    RC-Corner PreRoute Clock Cap Factor   : 1	[Derived from postRoute_cap (effortLevel low)]
    RC-Corner PostRoute Clock Cap Factor  : 1 {1 1 1} 	[Derived from postRoute_cap (effortLevel medium)]
    RC-Corner PostRoute Clock Res Factor  : 1 {1 1 1} 	[Derived from postRoute_res (effortLevel medium)]
    RC-Corner PostRoute Clock coupling capacitance Factor : 1 {1 1 1} 	[Derived from postRoute_xcap (effortLevel medium)]
    RC-Corner Technology file: '/home/user_74/projects/new_fp/floor_plan/saved_design/route_opt.inn.dat/libs/mmmc/typical/gpdk045.tch'
Initializing multi-corner capacitance tables ... 
Initializing multi-corner resistance tables ...
Creating RPSQ from WeeR and WRes ...
The lower process node is set using setDesignMode and the technology file for TQuantus extraction specified. Therefore, the default value for PostRoute extraction mode's effortLevel(-effortLeveloption of the setExtractRCMode) changed from 'low' to 'medium'.
Start generating vias ..
#Skip building auto via since it is not turned on.
Extracting standard cell pins and blockage ...... 
Pin and blockage extraction finished
Via generation completed.
% Begin Load power constraints ... (date=06/15 17:11:07, mem=1141.7M)
'set_default_switching_activity' finished successfully.
% End Load power constraints ... (date=06/15 17:11:07, total cpu=0:00:00.0, real=0:00:00.0, peak res=1151.2M, current mem=1151.2M)
rc_typ
% Begin load AAE data ... (date=06/15 17:11:07, mem=1196.4M)
AAE DB initialization (MEM=1498.32 CPU=0:00:00.0 REAL=0:00:00.0) 
% End load AAE data ... (date=06/15 17:11:08, total cpu=0:00:00.6, real=0:00:01.0, peak res=1201.8M, current mem=1201.8M)
Restoring CCOpt config...
  Extracting original clock gating for UART_RX_CLK...
    clock_tree UART_RX_CLK contains 96 sinks and 0 clock gates.
  Extracting original clock gating for UART_RX_CLK done.
  Extracting original clock gating for UART_RX_CLK_generator_for_UART_TX_CLK<1>...
    clock_tree UART_RX_CLK_generator_for_UART_TX_CLK<1> contains 37 sinks and 0 clock gates.
  Extracting original clock gating for UART_RX_CLK_generator_for_UART_TX_CLK<1> done.
  Found 1 generator input for clock tree UART_RX_CLK_generator_for_UART_TX_CLK<1>.
  Extracting original clock gating for REF_CLK...
    clock_tree REF_CLK contains 266 sinks and 1 clock gates.
  Extracting original clock gating for REF_CLK done.
  Extracting original clock gating for REF_CLK_generator_for_ALU_CLK<1>...
    clock_tree REF_CLK_generator_for_ALU_CLK<1> contains 17 sinks and 0 clock gates.
  Extracting original clock gating for REF_CLK_generator_for_ALU_CLK<1> done.
  Found 1 generator input for clock tree REF_CLK_generator_for_ALU_CLK<1>.
  The skew group ALU_CLK/sdc_test was created. It contains 17 sinks and 1 sources.
  The skew group REF_CLK/sdc_test was created. It contains 265 sinks and 1 sources.
  The skew group UART_RX_CLK/sdc_test was created. It contains 97 sinks and 1 sources.
  The skew group UART_TX_CLK/sdc_test was created. It contains 35 sinks and 1 sources.
  The skew group _clock_gen_REF_CLK_Latch_Out_reg/sdc_test was created. It contains 5 sinks and 1 sources.
  The skew group _clock_gen_UART_RX_CLK_div_clk_reg/sdc_test was created. It contains 10 sinks and 1 sources.
  The skew group REF_CLK/sdc_test was created. It contains 265 sinks and 1 sources.
  The skew group UART_RX_CLK/sdc_test was created. It contains 97 sinks and 1 sources.
  The skew group _clock_gen_REF_CLK_Latch_Out_reg/sdc_test was created. It contains 5 sinks and 1 sources.
  The skew group _clock_gen_UART_RX_CLK_div_clk_reg/sdc_test was created. It contains 10 sinks and 1 sources.
Restoring CCOpt config done.
Total number of combinational cells: 318
Total number of sequential cells: 152
Total number of tristate cells: 10
Total number of level shifter cells: 0
Total number of power gating cells: 0
Total number of isolation cells: 0
Total number of power switch cells: 0
Total number of pulse generator cells: 0
Total number of always on buffers: 0
Total number of retention cells: 0
Total number of physical cells: 0
List of usable buffers: BUFX2 BUFX12 BUFX16 BUFX20 CLKBUFX2 BUFX3 BUFX4 BUFX6 BUFX8 CLKBUFX12 CLKBUFX16 CLKBUFX20 CLKBUFX3 CLKBUFX4 CLKBUFX6 CLKBUFX8
Total number of usable buffers: 16
List of unusable buffers:
Total number of unusable buffers: 0
List of usable inverters: CLKINVX1 CLKINVX2 CLKINVX12 CLKINVX16 CLKINVX20 CLKINVX4 CLKINVX3 CLKINVX6 CLKINVX8 INVX1 INVX2 INVX12 INVX16 INVX20 INVXL INVX3 INVX4 INVX6 INVX8
Total number of usable inverters: 19
List of unusable inverters:
Total number of unusable inverters: 0
List of identified usable delay cells: DLY1X1 DLY1X4 DLY2X1 DLY2X4 DLY3X1 DLY3X4 DLY4X1 DLY4X4
Total number of identified usable delay cells: 8
List of identified unusable delay cells:
Total number of identified unusable delay cells: 0
**WARN: (IMPCTE-107):	The following globals have been obsoleted since version . They will be removed in the next release. 
timing_enable_separate_device_slew_effect_sensitivities
#% End load design ... (date=06/15 17:11:08, total cpu=0:00:06.0, real=0:00:09.0, peak res=1226.9M, current mem=1207.5M)

*** Summary of all messages that are not suppressed in this session:
Severity  ID               Count  Summary                                  
WARNING   IMPLF-200            1  Pin '%s' in macro '%s' has no ANTENNAGAT...
WARNING   IMPFP-3961           4  The techSite '%s' has no related standar...
WARNING   IMPPTN-867           2  Found use of %s. This will continue to w...
WARNING   IMPEXT-6202          1  In addition to the technology file, the ...
WARNING   IMPOPT-3602          4  The specified path group name %s is not ...
WARNING   NRIF-91              1  Option setNanoRouteMode -routeTopRouting...
WARNING   IMPCTE-107           1  The following globals have been obsolete...
WARNING   IMPTCM-77            1  Option "%s" for command %s is obsolete a...
WARNING   IMPPSP-1003          2  Found use of '%s'. This will continue to...
WARNING   TECHLIB-302          2  No function defined for cell '%s'. The c...
*** Message Summary: 19 warning(s), 0 error(s)

<CMD> fit
<CMD> ctd_win
Clock tree timing engine global stage delay update for rc_typ:both.late...
Ccopt calling extractRC to access parasitic RC data.
Leaving CCOpt scope - extractRC...
Updating RC parasitics by calling: "extractRC"...
#create default rule from bind_ndr_rule rule=0x7f15a491ff50 0x7f159f1fc568
Warning: term D of inst U0_RST_SYNC_RST_reg_reg[0] is not connect to global special net.
Warning: term D of inst U1_RST_SYNC_RST_reg_reg[0] is not connect to global special net.
**ERROR: All of the tie high/low terms are not connected to PG nets.#num needed restored net=0
#need_extraction net=0 (total=2344)
#Extract in post route mode
#Finish check_net_pin_list step Enter extract_rc_in_nr_cmd
#Fast data preparation for tQuantus.
#Start routing data preparation on Mon Jun 15 17:11:22 2026
#
# Metal1       H   Track-Pitch = 0.19000    Line-2-Via Pitch = 0.13000
# Metal2       V   Track-Pitch = 0.20000    Line-2-Via Pitch = 0.15000
# Metal3       H   Track-Pitch = 0.19000    Line-2-Via Pitch = 0.15000
# Metal4       V   Track-Pitch = 0.20000    Line-2-Via Pitch = 0.15000
# Metal5       H   Track-Pitch = 0.19000    Line-2-Via Pitch = 0.15000
# Metal6       V   Track-Pitch = 0.20000    Line-2-Via Pitch = 0.15000
# Metal7       H   Track-Pitch = 0.19000    Line-2-Via Pitch = 0.15000
# Metal8       V   Track-Pitch = 0.20000    Line-2-Via Pitch = 0.15000
# Metal9       H   Track-Pitch = 0.19000    Line-2-Via Pitch = 0.15000
# Metal10      V   Track-Pitch = 0.50000    Line-2-Via Pitch = 0.42000
# Metal11      H   Track-Pitch = 0.47500    Line-2-Via Pitch = 0.43000
#Regenerating Ggrids automatically.
#Auto generating G-grids with size=15 tracks, using layer Metal3's pitch = 0.19000.
#Using automatically generated G-grids.
#Done routing data preparation.
#cpu time = 00:00:00, elapsed time = 00:00:00, memory = 1491.57 (MB), peak = 1492.57 (MB)
#Start routing data preparation on Mon Jun 15 17:11:22 2026
#
#Minimum voltage of a net in the design = 0.000.
#Maximum voltage of a net in the design = 0.900.
#Voltage range [0.000 - 0.900] has 2342 nets.
#Voltage range [0.900 - 0.900] has 1 net.
#Voltage range [0.000 - 0.000] has 1 net.
#Build and mark too close pins for the same net.
#Bottom routing layer index=1(Metal1), bottom routing layer for shielding=1(Metal1), bottom shield layer=1(Metal1)
#shield_bottom_stripe_layer=1(Metal1), shield_top_stripe_layer=5(Metal5)
#pin_access_rlayer=2(Metal2)
#shield_top_dpt_rlayer=-1 top_rlayer=5 top_trim_metal_rlayer=-1 rlayer_lowest=1 bottom_rlayer=1
#enable_trim_layer_shield=F enable_dpt_layer_shield=F has_line_end_grid=F
#Regenerating Ggrids automatically.
#Auto generating G-grids with size=15 tracks, using layer Metal3's pitch = 0.19000.
#Using automatically generated G-grids.
#Done routing data preparation.
#cpu time = 00:00:01, elapsed time = 00:00:01, memory = 1507.23 (MB), peak = 1507.74 (MB)
#
#Start tQuantus RC extraction...
#Start building rc corner(s)...
#Number of RC Corner = 1
#Corner typical /home/user_74/projects/new_fp/pdk_files/QRC_Tech/gpdk045.tch 25.000000 (real) 
#(i=11, n=11 2000)
#METAL_1 -> Metal1 (1)
#METAL_2 -> Metal2 (2)
#METAL_3 -> Metal3 (3)
#METAL_4 -> Metal4 (4)
#METAL_5 -> Metal5 (5)
#METAL_6 -> Metal6 (6)
#METAL_7 -> Metal7 (7)
#METAL_8 -> Metal8 (8)
#METAL_9 -> Metal9 (9)
#METAL_10 -> Metal10 (10)
#METAL_11 -> Metal11 (11)
#SADV-On
# Corner(s) : 
#typical [25.00]
# Corner id: 0
# Layout Scale: 1.000000
# Has Metal Fill model: yes
# Temperature was set
# Temperature : 25.000000
# Ref. Temp   : 25.000000
#user defined extract_shrink_factor of 0.90 overrides the tech file layout scale of 1.00
#SADV-Off
#
#layer[1] tech width 120 != ict width 133.0
#
#layer[1] tech spc 120 != ict spc 133.0
#
#layer[2] tech width 160 != ict width 177.0
#
#layer[2] tech spc 140 != ict spc 155.0
#
#layer[3] tech width 160 != ict width 177.0
#
#layer[3] tech spc 140 != ict spc 155.0
#
#layer[4] tech width 160 != ict width 177.0
#
#layer[4] tech spc 140 != ict spc 155.0
#
#layer[5] tech width 160 != ict width 177.0
#
#layer[5] tech spc 140 != ict spc 155.0
#
#layer[6] tech width 160 != ict width 177.0
#
#layer[6] tech spc 140 != ict spc 155.0
#
#layer[7] tech width 160 != ict width 177.0
#
#layer[7] tech spc 140 != ict spc 155.0
#
#layer[8] tech width 160 != ict width 177.0
#
#layer[8] tech spc 140 != ict spc 155.0
#
#layer[9] tech width 160 != ict width 177.0
#
#layer[9] tech spc 140 != ict spc 155.0
#
#layer[10] tech width 440 != ict width 488.0
#
#layer[10] tech spc 400 != ict spc 444.0
#
#layer[11] tech width 440 != ict width 488.0
#
#layer[11] tech spc 400 != ict spc 444.0
#total pattern=286 [11, 792]
#Reading previously stored rc_model file ( /home/user_74/projects/new_fp/floor_plan/saved_design/route_opt.inn.dat/libs/misc/rc_model.bin ) ...
#found CAPMODEL /home/user_74/projects/new_fp/pdk_files/QRC_Tech/gpdk045.tch
#found RESMODEL /home/user_74/projects/new_fp/pdk_files/QRC_Tech/gpdk045.tch 25.000000 
#number model r/c [1,1] [11,792] read
#0 rcmodel(s) requires rebuild
#Build RC corners: cpu time = 00:00:01, elapsed time = 00:00:01, memory = 1530.19 (MB), peak = 1538.95 (MB)
#Finish check_net_pin_list step Enter extract
#Start init net ripin tree building
#Finish init net ripin tree building
#Cpu time = 00:00:00
#Elapsed time = 00:00:00
#Increased memory = 0.00 (MB)
#Total memory = 1530.21 (MB)
#Peak memory = 1538.95 (MB)
#begin processing metal fill model file
#end processing metal fill model file
#Length limit = 200 pitches
#opt mode = 2
#Finish check_net_pin_list step Fix net pin list
#Start generate extraction boxes.
#
#Extract using 30 x 30 Hboxes
#3x3 initial hboxes
#Use area based hbox pruning.
#0/0 hboxes pruned.
#Complete generating extraction boxes.
#Extract 4 hboxes with single thread on machine with  Xeon 2.20GHz 14080KB Cache 40CPU...
#Process 0 special clock nets for rc extraction
#Total 2320 nets were built. 46 nodes added to break long wires. 0 net(s) have incomplete routes.
#Run Statistics for Extraction:
#   Cpu time = 00:00:01, elapsed time = 00:00:01 .
#   Increased memory =    53.07 (MB), total memory =  1584.09 (MB), peak memory =  1584.09 (MB)
#Register nets and terms for rcdb /tmp/innovus_temp_39733_vlsi_user_74_ulciDe/nr39733_d2yEZu.rcdb.d
#Finish registering nets and terms for rcdb.
#Simplify RC tree: cpu time = 00:00:00, elapsed time = 00:00:00, memory = 1557.56 (MB), peak = 1584.10 (MB)
#RC Statistics: 11579 Res, 6158 Ground Cap, 2308 XCap (Edge to Edge)
#RC V/H edge ratio: 0.37, Avg V/H Edge Length: 2939.85 (6129), Avg L-Edge Length: 8156.84 (3781)
#Nets and terms are pre-registered for rcdb /tmp/innovus_temp_39733_vlsi_user_74_ulciDe/nr39733_d2yEZu.rcdb.d.
#Start writing RC data.
#Finish writing RC data
#Finish writing rcdb with 13961 nodes, 11641 edges, and 4618 xcaps
#cpu time = 00:00:00, elapsed time = 00:00:00, memory = 1554.64 (MB), peak = 1584.10 (MB)
Restoring parasitic data from file '/tmp/innovus_temp_39733_vlsi_user_74_ulciDe/nr39733_d2yEZu.rcdb.d' ...
Reading RCDB with compressed RC data.
Reading RCDB with compressed RC data.
Begin read_parasitics... (cpu: 0:00:00.0 real: 0:00:00.0 mem: 2227.523M)
Following multi-corner parasitics specified:
	/tmp/innovus_temp_39733_vlsi_user_74_ulciDe/nr39733_d2yEZu.rcdb.d (rcdb)
Reading RCDB with compressed RC data.
		Cell SYS_TOP has rcdb /tmp/innovus_temp_39733_vlsi_user_74_ulciDe/nr39733_d2yEZu.rcdb.d specified
Cell SYS_TOP, hinst 
Reading RCDB with compressed RC data.
Done read_parasitics... (cpu: 0:00:00.6 real: 0:00:00.0 mem: 2227.523M)
#
#Restore RCDB.
#
#Complete tQuantus RC extraction.
#Cpu time = 00:00:03
#Elapsed time = 00:00:03
#Increased memory = 47.83 (MB)
#Total memory = 1555.07 (MB)
#Peak memory = 1584.10 (MB)
#
#46 inserted nodes are removed
#Restored 0 tie nets, 0 tie snets, 0 partial nets
#Start Inst Signature in MT(0)
#Start Net Signature in MT(57329434)
#Calculate SNet Signature in MT (61188594)
#Run time and memory report for RC extraction:
#RC extraction running on  Xeon 2.20GHz 14080KB Cache 40CPU.
#Run Statistics for snet signature:
#   Cpu time = 00:00:00, elapsed time = 00:00:00 .
#   Increased memory =     0.01 (MB), total memory =  1556.95 (MB), peak memory =  1584.10 (MB)
#Run Statistics for Net Final Signature:
#   Cpu time = 00:00:00, elapsed time = 00:00:00 .
#   Increased memory =     0.00 (MB), total memory =  1556.95 (MB), peak memory =  1584.10 (MB)
#Run Statistics for Net launch:
#   Cpu time = 00:00:00, elapsed time = 00:00:00 .
#   Increased memory =     0.02 (MB), total memory =  1556.95 (MB), peak memory =  1584.10 (MB)
#Run Statistics for Net init_dbsNet_slist:
#   Cpu time = 00:00:00, elapsed time = 00:00:00 .
#   Increased memory =     0.00 (MB), total memory =  1556.92 (MB), peak memory =  1584.10 (MB)
#Run Statistics for net signature:
#   Cpu time = 00:00:00, elapsed time = 00:00:00 .
#   Increased memory =     0.03 (MB), total memory =  1556.95 (MB), peak memory =  1584.10 (MB)
#Run Statistics for inst signature:
#   Cpu time = 00:00:00, elapsed time = 00:00:00 .
#   Increased memory =    -1.01 (MB), total memory =  1556.91 (MB), peak memory =  1584.10 (MB)
Updating RC parasitics by calling: "extractRC" done.
Leaving CCOpt scope - extractRC done. (took cpu=0:00:05.9 real=0:00:05.2)
Reading RCDB with compressed RC data.
Clock tree timing engine global stage delay update for rc_typ:both.late done. (took cpu=0:00:06.0 real=0:00:05.3)
<CMD> selectObject IO_Pin REF_CLK
<CMD> zoomSelected
<CMD> deselectObject IO_Pin REF_CLK
<CMD> ctd_win
<CMD> selectObject IO_Pin UART_CLK
<CMD> zoomSelected
<CMD> deselectObject IO_Pin UART_CLK
<CMD> fit
<CMD> setLayerPreference violation -isVisible 0
<CMD> setLayerPreference node_layer -isVisible 0
<CMD> setLayerPreference node_inst -isVisible 0
<CMD> setLayerPreference node_layer -isVisible 1
<CMD> setDrawView fplan
<CMD> zoomBox 85.89050 66.64600 70.38750 60.06250
<CMD> fit
<CMD> zoomBox 65.50300 58.36350 44.26550 37.55100
<CMD> fit
<CMD> setDrawView place
<CMD> setDrawView fplan
<CMD> setDrawView place
<CMD> setLayerPreference node_inst -isVisible 1
<CMD> setLayerPreference node_inst -isVisible 0
<CMD> zoomBox 116.47200 111.24400 106.91500 105.08500
<CMD> setLayerPreference node_inst -isVisible 1
<CMD> fit
<CMD> zoomBox 13.25950 37.55100 5.40200 20.13650
<CMD> fit
<CMD> zoomBox 14.95850 41.16150 6.88850 18.65000
<CMD> zoomBox 9.01750 30.45050 8.36350 29.83300
<CMD> fit
<CMD> zoomBox 13.89650 44.77150 6.46350 21.62300
<CMD> zoomBox 9.71350 30.80750 8.55600 29.23950
<CMD> zoomBox 9.54350 30.06150 9.20200 29.85400
<CMD> zoomBox 9.06700 29.82000 9.65950 30.10700
<CMD> zoomBox 8.93900 29.76700 9.75950 30.16450
<CMD> fit
<CMD> help *lvs*
No help is available for '*lvs*'.
      You might have typed the command name incorrectly
      (command names are case sensitive), or this is an
      unknown or unsupported command.

<CMD> help *LVS*
No help is available for '*LVS*'.
      You might have typed the command name incorrectly
      (command names are case sensitive), or this is an
      unknown or unsupported command.

<CMD> zoomBox 97.14600 102.53650 86.31500 92.76750
<CMD> zoomBox 94.33800 99.18050 92.80950 97.73100
<CMD> fit
<CMD> zoomBox 70.65050 16.54400 144.66650 52.42350
<CMD> zoomBox 48.51250 9.36500 150.95650 59.02500
<CMD> zoomBox 86.68350 22.30550 140.16000 48.22850
<CMD> zoomBox 77.27750 14.03000 164.35550 56.24150
<CMD> zoomBox 67.91550 5.79300 188.43900 64.21700
<CMD> fit
<CMD> zoomBox -26.12550 8.15900 170.12150 103.29050
<CMD> zoomBox 23.43050 22.36850 143.95150 80.79150
<CMD> zoomBox 44.87300 28.80100 131.94900 71.01150
<CMD> zoomBox 60.43850 33.48600 123.35200 63.98350
<CMD> zoomBox 78.90900 41.03850 106.82400 54.57050
<CMD> zoomBox 82.30550 42.77650 102.47550 52.55400
<CMD> zoomBox 83.63450 43.48600 100.77950 51.79700
<CMD> fit
<CMD> zoomBox 61.46800 56.66450 38.53150 41.37350

*** Memory Usage v#1 (Current mem = 2244.746M, initial mem = 478.109M) ***
*** Message Summary: 19 warning(s), 0 error(s)

--- Ending "Innovus" (totcpu=0:20:09, real=1:55:51, mem=2244.7M) ---
