============================================================
  Generated by:           Genus(TM) Synthesis Solution 21.18-s082_1
  Generated on:           Jun 12 2026  03:05:00 am
  Module:                 SYS_TOP
  Operating conditions:   PVT_0P9V_125C (balanced_tree)
  Wireload mode:          enclosed
  Area mode:              timing library
============================================================


Path 1: MET (990 ps) Setup Check with Pin U0_ALU_ALU_OUT_reg[0]/CK->D
          Group: ALU_CLK
     Startpoint: (R) U0_RegFile_REG_FILE_reg[1][1]/CK
          Clock: (R) REF_CLK
       Endpoint: (F) U0_ALU_ALU_OUT_reg[0]/D
          Clock: (R) ALU_CLK

                     Capture       Launch     
        Clock Edge:+    5000            0     
       Src Latency:+       0            0     
       Net Latency:+       0 (I)        0 (I) 
           Arrival:=    5000            0     
                                              
             Setup:-     139                  
     Required Time:=    4861                  
      Launch Clock:-       0                  
         Data Path:-    3871                  
             Slack:=     990                  

#----------------------------------------------------------------------------------------------------------
#          Timing Point            Flags    Arc   Edge   Cell     Fanout Load Trans Delay Arrival Instance 
#                                                                        (fF)  (ps)  (ps)   (ps)  Location 
#----------------------------------------------------------------------------------------------------------
  U0_RegFile_REG_FILE_reg[1][1]/CK -       -      R     (arrival)    250    -   100     0       0    (-,-) 
  U0_RegFile_REG_FILE_reg[1][1]/Q  -       CK->Q  F     DFFRX1        23  7.9   208   360     360    (-,-) 
  U0_ALU_div_46_45_g5685__9315/Y   -       B->Y   R     NAND2XL        2  0.6    67   150     511    (-,-) 
  U0_ALU_div_46_45_g5645__1881/Y   -       B->Y   F     NAND2X1        2  0.5    66    81     592    (-,-) 
  U0_ALU_div_46_45_g5636__3680/Y   -       B->Y   R     NAND2X1        2  0.8    46    58     650    (-,-) 
  U0_ALU_div_46_45_g5624__7410/Y   -       A1->Y  F     OAI211X1       2  0.7   155   141     790    (-,-) 
  U0_ALU_div_46_45_g5614__5115/Y   -       B->Y   R     NAND2BX1       2  0.8    55   108     899    (-,-) 
  U0_ALU_div_46_45_g5609__8246/Y   -       A1->Y  F     OAI211X1       2  0.6   147   141    1040    (-,-) 
  U0_ALU_div_46_45_g5601__6783/Y   -       B->Y   R     NOR2X1         4  1.6   110   140    1180    (-,-) 
  U0_ALU_div_46_45_g5597__4319/Y   -       C->Y   F     NAND3X1        2  0.6   126   139    1319    (-,-) 
  U0_ALU_div_46_45_g5595__5107/Y   -       AN->Y  F     NAND2BX1       2  0.6    79   140    1459    (-,-) 
  U0_ALU_div_46_45_g5593__5477/Y   -       A->Y   F     AND2X1         3  0.9    36    96    1555    (-,-) 
  U0_ALU_div_46_45_g5591__7410/Y   -       B->Y   R     NOR2X1         3  0.8    63    60    1615    (-,-) 
  U0_ALU_div_46_45_g5587__2883/Y   -       A1N->Y R     OAI2BB1X1      1  0.4    47   140    1756    (-,-) 
  U0_ALU_div_46_45_g5584__9315/Y   -       B0->Y  F     OAI2BB1X1      4  1.9   138   122    1877    (-,-) 
  U0_ALU_div_46_45_g5571__3680/CO  -       CI->CO F     ADDFX1         2  0.7    45   219    2096    (-,-) 
  U0_ALU_div_46_45_g5569__5526/Y   -       B->Y   R     NAND2X1        2  0.8    47    46    2142    (-,-) 
  U0_ALU_div_46_45_g5561__7410/Y   -       C0->Y  F     OAI211X1       2  0.5   140   132    2274    (-,-) 
  U0_ALU_div_46_45_g5557__9945/Y   -       C->Y   R     NAND3BXL       1  0.4    54   108    2382    (-,-) 
  U0_ALU_div_46_45_g5549__6131/Y   -       A1->Y  F     AOI221X1       3  0.7   130   133    2515    (-,-) 
  U0_ALU_div_46_45_g5543__2802/Y   -       B->Y   R     NOR2X1         4  1.2    90   121    2635    (-,-) 
  U0_ALU_div_46_45_g5538__5526/Y   -       A1N->Y R     OAI2BB1X1      1  0.4    42   153    2789    (-,-) 
  U0_ALU_div_46_45_g5533__2398/Y   -       B0->Y  F     AOI21X1        5  1.5   136    57    2846    (-,-) 
  U0_ALU_div_46_45_g5532/Y         -       A->Y   R     INVX1          1  0.4    39    90    2936    (-,-) 
  U0_ALU_div_46_45_g5521__6161/Y   -       A1->Y  F     OAI22X1        2  0.5   104   103    3039    (-,-) 
  U0_ALU_div_46_45_g5508__6783/Y   -       A1->Y  R     OAI22XL        1  0.4   110   120    3159    (-,-) 
  U0_ALU_div_46_45_g5499__7410/Y   -       C0->Y  F     AOI221X1       1  0.4   116    86    3245    (-,-) 
  U0_ALU_div_46_45_g5497__2346/Y   -       A1->Y  R     OAI22X1        1  0.4    90   117    3361    (-,-) 
  U0_ALU_div_46_45_g5496__2883/Y   -       B->Y   F     NAND2X1        1  0.4    64    91    3452    (-,-) 
  U0_ALU_div_46_45_g5495__9945/Y   -       A1->Y  R     AOI21X1        2  0.8    81    89    3541    (-,-) 
  U0_ALU_div_46_45_g5494__9315/Y   -       B0->Y  F     AOI31X1        1  0.4   120    66    3607    (-,-) 
  g2/Y                             -       A1->Y  R     OAI21X1        1  0.2    59   103    3710    (-,-) 
  g14797__5122/Y                   -       D->Y   F     NAND4XL        1  0.3   199   160    3871    (-,-) 
  U0_ALU_ALU_OUT_reg[0]/D          <<<     -      F     DFFRHQX1       1    -     -     0    3871    (-,-) 
#----------------------------------------------------------------------------------------------------------

