============================================================
  Generated by:           Genus(TM) Synthesis Solution 21.18-s082_1
  Generated on:           Jun 12 2026  03:05:01 am
  Module:                 SYS_TOP
  Operating conditions:   PVT_0P9V_125C (balanced_tree)
  Wireload mode:          enclosed
  Area mode:              timing library
============================================================

Timing
--------

   Clock     Period  
---------------------
ALU_CLK       5000.0 
REF_CLK       5000.0 
UART_RX_CLK 100000.0 
UART_TX_CLK 800000.0 


    Cost      Critical         Violating 
   Group     Path Slack  TNS     Paths   
-----------------------------------------
ALU_CLK           990.1   0.0          0 
default        No paths   0.0            
REF_CLK          1882.9   0.0          0 
UART_RX_CLK     97283.1   0.0          0 
UART_TX_CLK    798116.3   0.0          0 
-----------------------------------------
Total                     0.0          0 

Instance Count
--------------
Leaf Instance Count             1535 
Physical Instance count            0 
Sequential Instance Count        362 
Combinational Instance Count    1173 
Hierarchical Instance Count        2 

Area
----
Cell Area                          4835.196
Physical Cell Area                 0.000
Total Cell Area (Cell+Physical)    4835.196
Net Area                           0.000
Total Area (Cell+Physical+Net)     4835.196

Max Fanout                         250 (REF_CLK)
Min Fanout                         0 (SYNC_REF_RST)
Average Fanout                     2.7
Terms to net ratio                 3.9333
Terms to instance ratio            4.1870
Runtime                            60.739032000000016 seconds
Elapsed Runtime                    78 seconds
Genus peak memory usage            1622.87 
Innovus peak memory usage          no_value 
Hostname                           vlsi
