###############################################################
#  Generated by:      Cadence Innovus 21.18-s099_1
#  OS:                Linux x86_64(Host ID vlsi)
#  Generated on:      Mon Jun 15 12:20:25 2026
#  Design:            SYS_TOP
#  Command:           checkDesign -all
###############################################################
Design: SYS_TOP

------ Design Summary:
Total Standard Cell Number   (cells) : 2470
Total Block Cell Number      (cells) : 0
Total I/O Pad Cell Number    (cells) : 0
Total Standard Cell Area     ( um^2) : 7994.59
Total Block Cell Area        ( um^2) : 0.00
Total I/O Pad Cell Area      ( um^2) : 0.00

------ Design Statistics:

Number of Instances            : 2470
Number of Non-uniquified Insts : 2448
Number of Nets                 : 2344
Average number of Pins per Net : 3.33
Maximum number of Pins in Net  : 21

------ I/O Port summary

Number of Primary I/O Ports    : 7
Number of Input Ports          : 4
Number of Output Ports         : 3
Number of Bidirectional Ports  : 0
Number of Power/Ground Ports   : 0



------------------------------------------------------------
Detail report:


------ I/O Pad/Port Checking


