###############################################################
#  Generated by:      Cadence Innovus 21.18-s099_1
#  OS:                Linux x86_64(Host ID vlsi)
#  Generated on:      Mon Jun 15 12:20:25 2026
#  Design:            SYS_TOP
#  Command:           checkDesign -all
###############################################################

#########################################################
## Total instances with placement violations: 164
#########################################################

## Insts placed on techSites not matching their cells' (164) ##
#########################################################
### 164 TechSite Violation>
set pchkTechSiteList [list \
	{ctsFE_OFC802_n_501} \
	{ctsFE_OFC801_n_493} \
	{ctsFE_OFC800_n_707} \
	{ctsFE_OFC799_n_373} \
	{ctsFE_OFC798_n_399} \
	{ctsFE_OFC797_n_494} \
	{ctsFE_OFC796_n_532} \
	{ctsFE_OFC795_n_527} \
	{ctsFE_OFC794_FE_OFN0_UART_TX_O} \
	{ctsFE_OFC793_n_525} \
	{ctsFE_OFC792_n_492} \
	{ctsFE_OFC791_n_799} \
	{ctsFE_OFC790_UART_RX_SYNC_3} \
	{ctsFE_OFC779_n_15} \
	{ctsFE_OFC773_Operand_A_0} \
	{ctsFE_OFC758_FE_PHN1107_Operand_B_5} \
	{ctsFE_OFC756_FE_PHN868_Operand_A_1} \
	{ctsFE_OFC738_FE_PHN1128_FE_OFN24_Operand_B_4} \
	{ctsFE_OFC725_FE_PHN999_FE_OFN24_Operand_B_4} \
	{ctsFE_OFC720_U0_ALU_div_46_45_n_66} \
	{ctsFE_OFC715_U0_ALU_div_46_45_n_93} \
	{ctsFE_OFC686_n_675} \
	{ctsFE_OFC685_n_508} \
	{ctsFE_OFC684_n_504} \
	{ctsFE_OFC683_n_506} \
	{ctsFE_OFC682_n_674} \
	{ctsFE_OFC679_n_664} \
	{ctsFE_OFC670_n_699} \
	{ctsFE_OFC666_n_492} \
	{ctsFE_OFC662_n_523} \
	{ctsFE_OFC661_n_520} \
	{ctsFE_OFC660_n_751} \
	{ctsFE_OFC658_n_768} \
	{ctsFE_OFC654_U0_ALU_div_46_45_n_172} \
	{ctsFE_OFC652_U0_ALU_div_46_45_n_180} \
	{ctsFE_OFC650_U0_ALU_div_46_45_n_204} \
	{ctsFE_OFC649_U0_ALU_div_46_45_n_208} \
	{ctsFE_PHC1051_SYNC_UART_RST} \
	{ctsFE_PHC1027_n_526} \
	{ctsFE_PHC1018_n_184} \
	{ctsFE_PHC1012_FE_OFN20_Operand_B_6} \
	{ctsFE_PHC890_U0_SYS_CTRL_Current_State_0} \
	{ctsFE_PHC868_Operand_A_1} \
	{ctsFE_PHC857_U0_ASYNC_FIFO_R_ADDRESS_1} \
	{ctsFE_OFC646_n_525} \
	{ctsFE_OFC645_n_462} \
	{ctsFE_OFC641_n_707} \
	{ctsFE_OFC639_n_532} \
	{ctsFE_OFC623_n_194} \
	{ctsFE_OFC605_n_341} \
	{ctsFE_OFC604_U0_ALU_div_46_45_n_91} \
	{ctsFE_OFC602_n_730} \
	{ctsFE_OFC596_n_799} \
	{ctsFE_OFC594_n_310} \
	{ctsFE_OFC593_n_493} \
	{ctsFE_OFC592_n_694} \
	{ctsFE_OFC540_n_124} \
	{ctsFE_OFC516_n_323} \
	{ctsFE_OFC507_n_489} \
	{ctsFE_OFC490_Operand_B_7} \
	{ctsFE_OFC488_Operand_B_6} \
	{ctsFE_OFC475_n_527} \
	{ctsFE_OFC474_n_524} \
	{ctsFE_OFC473_n_501} \
	{ctsFE_OFC472_n_499} \
	{ctsFE_OFC467_n_400} \
	{ctsFE_OFC464_n_690} \
	{ctsFE_OFC463_n_687} \
	{ctsFE_OFC462_n_628} \
	{ctsFE_OFC456_n_437} \
	{ctsFE_OFC455_n_327} \
	{ctsFE_OFC454_n_317} \
	{ctsFE_OFC453_n_9} \
	{ctsFE_OFC452_U1_ClkDiv_G_enable} \
	{ctsFE_OFC425_n_495} \
	{ctsFE_OFC411_U0_ALU_div_46_45_n_117} \
	{FE_OFC361_n_502} \
	{FE_OFC353_n_379} \
	{FE_OFC342_n_812} \
	{FE_OFC325_n_752} \
	{FE_OFC323_n_726} \
	{FE_OFC321_n_746} \
	{FE_OFC310_n_490} \
	{FE_OFC249_U0_ALU_div_46_45_n_193} \
	{FE_OFC243_n_522} \
	{FE_OFC240_n_755} \
	{FE_OFC226_n_754} \
	{FE_OFC218_n_461} \
	{FE_OFC213_n_399} \
	{FE_OFC212_n_345} \
	{FE_OFC206_n_749} \
	{FE_OFC205_n_748} \
	{FE_OFC199_n_385} \
	{FE_OFC197_n_383} \
	{FE_OFC196_n_382} \
	{FE_OFC195_n_381} \
	{FE_OFC194_n_380} \
	{FE_OFC192_n_378} \
	{FE_OFC191_n_377} \
	{FE_OFC190_n_376} \
	{FE_OFC189_n_375} \
	{FE_OFC188_n_374} \
	{FE_OFC185_n_368} \
	{FE_OFC184_n_367} \
	{FE_OFC181_n_326} \
	{FE_OFC180_n_325} \
	{FE_OFC176_n_319} \
	{FE_OFC175_n_318} \
	{FE_OFC173_n_13} \
	{FE_OFC172_n_12} \
	{FE_OFC171_n_10} \
	{FE_OFC169_n_8} \
	{FE_OFC155_n_528} \
	{FE_OFC152_n_507} \
	{FE_OFC151_n_505} \
	{FE_OFC150_n_349} \
	{FE_OFC145_n_309} \
	{FE_OFC144_n_308} \
	{FE_OFC143_n_307} \
	{FE_OFC142_n_283} \
	{FE_OFC141_n_282} \
	{FE_OFC140_n_270} \
	{FE_OFC139_n_269} \
	{FE_OFC138_n_268} \
	{FE_OFC137_n_267} \
	{FE_OFC136_n_266} \
	{FE_OFC135_n_265} \
	{FE_OFC122_n_672} \
	{FE_OFC120_n_663} \
	{FE_OFC119_n_659} \
	{FE_OFC118_n_656} \
	{FE_OFC116_n_297} \
	{FE_OFC114_n_274} \
	{FE_OFC113_n_273} \
	{FE_OFC109_n_263} \
	{FE_OFC105_n_255} \
	{FE_OFC100_n_34} \
	{FE_OFC98_U0_ALU_div_46_45_n_37} \
	{FE_OFC97_framing_error} \
	{FE_OFC96_parity_error} \
	{FE_OFC91_n_798} \
	{FE_OFC88_n_509} \
	{FE_OFC83_n_404} \
	{FE_OFC81_n_181} \
	{FE_OFC72_SYNC_UART_RST} \
	{FE_OFC67_SYNC_UART_RST} \
	{FE_OFC66_SYNC_UART_RST} \
	{FE_OFC64_SYNC_UART_RST} \
	{FE_OFC56_SYNC_REF_RST} \
	{FE_OFC52_SYNC_REF_RST} \
	{FE_OFC50_SYNC_REF_RST} \
	{FE_OFC48_SYNC_REF_RST} \
	{FE_OFC47_SYNC_REF_RST} \
	{FE_OFC46_SYNC_REF_RST} \
	{FE_OFC45_SYNC_REF_RST} \
	{FE_OFC42_SYNC_REF_RST} \
	{FE_OFC34_UART_Config_1} \
	{FE_OFC32_Operand_B_0} \
	{FE_OFC0_UART_TX_O} \
	{U0_ClkDiv/ctsFE_OFC466_n_33} \
	{U0_ClkDiv/ctsFE_OFC465_n_26} \
	{U0_ClkDiv/CTS_cse_buf_00001} \
	{U0_ClkDiv/FE_OFC208_n_44} \
	{U0_ClkDiv/FE_OFC128_n_39} \
	]

## Summary: 
#########################################################
## Number of Placed Instances = 2470
##   of which 300 are fixed.
## Number of Unplaced Instances = 0
## Placement Density:68.92%(7146/10369)
## Placement Density (including fixed std cells):71.27%(7995/11217)
