###############################################################
#  Generated by:      Cadence Innovus 21.18-s099_1
#  OS:                Linux x86_64(Host ID vlsi)
#  Generated on:      Sun Jun 14 18:30:51 2026
#  Design:            SYS_TOP
#  Command:           checkPinAssignment
###############################################################

Start Checking pins of top cell: [SYS_TOP] 
Summary report for top level: [SYS_TOP] 
	Total Pins                         : 7
	Legally Assigned Pins              : 7
End of Summary report
End Checking pins of top cell: [SYS_TOP] 


===========================================================================================================================
                                                checkPinAssignment Summary
===========================================================================================================================
Partition   | pads  | pins   | legal  | illegal | internal | internal illegal | FT     | FT illegal | constant | unplaced |
===========================================================================================================================
SYS_TOP     |     0 |      7 |      7 |       0 |        0 |                0 |      0 |          0 |        0 |        0 |
===========================================================================================================================
TOTAL       |     0 |      7 |      7 |       0 |        0 |                0 |      0 |          0 |        0 |        0 |
===========================================================================================================================
